<?xml version="1.0" encoding="UTF-8"?>
<!-- Generated by org.testng.reporters.JUnitReportReporter -->
<testsuite hostname="DESKTOP-QM8BET5" failures="0" tests="2" name="Hapana.Tests.SubmitOrderTest" time="26.006" errors="0" timestamp="19 Jul 2023 11:29:22 GMT" skipped="0">
  <testcase classname="Hapana.Tests.SubmitOrderTest" name="OrdersHistory" time="8.885"/>
  <testcase classname="Hapana.Tests.SubmitOrderTest" name="SubmitOrder" time="17.121"/>
</testsuite> <!-- Hapana.Tests.SubmitOrderTest -->
